<?xml version="1.0" encoding="UTF-8"?>
<testng-results skipped="0" failed="0" ignored="0" total="1" passed="1">
  <reporter-output>
  </reporter-output>
  <suite name="Suite" duration-ms="95298" started-at="2019-04-26T15:20:52Z" finished-at="2019-04-26T15:22:27Z">
    <groups>
      <group name="cucumber">
        <method signature="AbstractTestNGCucumberTests.runScenario(cucumber.api.testng.PickleEventWrapper, cucumber.api.testng.CucumberFeatureWrapper)[pri:0, instance:com.selbot.testcases.TC001_CheckAvailability@12948e2]" name="runScenario" class="cucumber.api.testng.AbstractTestNGCucumberTests"/>
      </group> <!-- cucumber -->
    </groups>
    <test name="Test" duration-ms="95298" started-at="2019-04-26T15:20:52Z" finished-at="2019-04-26T15:22:27Z">
      <class name="com.selbot.testcases.TC001_CheckAvailability">
        <test-method status="PASS" signature="startReport()[pri:0, instance:com.selbot.testcases.TC001_CheckAvailability@12948e2]" name="startReport" is-config="true" duration-ms="987" started-at="2019-04-26T15:20:51Z" finished-at="2019-04-26T15:20:52Z">
          <reporter-output>
          </reporter-output>
        </test-method> <!-- startReport -->
        <test-method status="PASS" signature="setData()[pri:0, instance:com.selbot.testcases.TC001_CheckAvailability@12948e2]" name="setData" is-config="true" duration-ms="1" started-at="2019-04-26T15:20:52Z" finished-at="2019-04-26T15:20:52Z">
          <reporter-output>
          </reporter-output>
        </test-method> <!-- setData -->
        <test-method status="PASS" signature="setUpClass()[pri:0, instance:com.selbot.testcases.TC001_CheckAvailability@12948e2]" name="setUpClass" is-config="true" duration-ms="434" started-at="2019-04-26T15:20:52Z" finished-at="2019-04-26T15:20:52Z">
          <reporter-output>
          </reporter-output>
        </test-method> <!-- setUpClass -->
        <test-method status="PASS" signature="report()[pri:0, instance:com.selbot.testcases.TC001_CheckAvailability@12948e2]" name="report" is-config="true" duration-ms="64" started-at="2019-04-26T15:20:52Z" finished-at="2019-04-26T15:20:52Z">
          <reporter-output>
          </reporter-output>
        </test-method> <!-- report -->
        <test-method status="PASS" signature="beforeMethod()[pri:0, instance:com.selbot.testcases.TC001_CheckAvailability@12948e2]" name="beforeMethod" is-config="true" duration-ms="68054" started-at="2019-04-26T15:20:52Z" finished-at="2019-04-26T15:22:01Z">
          <reporter-output>
          </reporter-output>
        </test-method> <!-- beforeMethod -->
        <test-method status="PASS" signature="seatAvalability()[pri:0, instance:com.selbot.testcases.TC001_CheckAvailability@12948e2]" name="seatAvalability" duration-ms="25301" started-at="2019-04-26T15:22:01Z" finished-at="2019-04-26T15:22:26Z">
          <reporter-output>
          </reporter-output>
        </test-method> <!-- seatAvalability -->
        <test-method status="PASS" signature="afterMethod()[pri:0, instance:com.selbot.testcases.TC001_CheckAvailability@12948e2]" name="afterMethod" is-config="true" duration-ms="1138" started-at="2019-04-26T15:22:26Z" finished-at="2019-04-26T15:22:27Z">
          <reporter-output>
          </reporter-output>
        </test-method> <!-- afterMethod -->
        <test-method status="PASS" signature="tearDownClass()[pri:0, instance:com.selbot.testcases.TC001_CheckAvailability@12948e2]" name="tearDownClass" is-config="true" duration-ms="179" started-at="2019-04-26T15:22:27Z" finished-at="2019-04-26T15:22:27Z">
          <reporter-output>
          </reporter-output>
        </test-method> <!-- tearDownClass -->
        <test-method status="PASS" signature="stopReport()[pri:0, instance:com.selbot.testcases.TC001_CheckAvailability@12948e2]" name="stopReport" is-config="true" duration-ms="1893" started-at="2019-04-26T15:22:28Z" finished-at="2019-04-26T15:22:30Z">
          <reporter-output>
          </reporter-output>
        </test-method> <!-- stopReport -->
      </class> <!-- com.selbot.testcases.TC001_CheckAvailability -->
    </test> <!-- Test -->
  </suite> <!-- Suite -->
</testng-results>
